<?xml version="1.0" encoding="UTF-8"?>
<!-- Generated by org.testng.reporters.JUnitReportReporter -->
<testsuite hostname="DESKTOP-UE7RBIH" failures="0" tests="9" name="koo_remain_testcases.test_cases" time="153.267" errors="0" timestamp="2 Dec 2022 12:08:46 GMT">
  <testcase classname="koo_remain_testcases.test_cases" name="test_case1" time="1.327"/>
  <testcase classname="koo_remain_testcases.test_cases" name="test_case8" time="13.517"/>
  <testcase classname="koo_remain_testcases.test_cases" name="test_case2" time="4.794"/>
  <testcase classname="koo_remain_testcases.test_cases" name="test_case6" time="37.932"/>
  <testcase classname="koo_remain_testcases.test_cases" name="test_case7" time="21.924"/>
  <testcase classname="koo_remain_testcases.test_cases" name="test_case9" time="13.647"/>
  <testcase classname="koo_remain_testcases.test_cases" name="test_case5" time="6.340"/>
  <testcase classname="koo_remain_testcases.test_cases" name="test_case4" time="7.821"/>
  <testcase classname="koo_remain_testcases.test_cases" name="test_case3" time="45.965"/>
</testsuite> <!-- koo_remain_testcases.test_cases -->
